PHP Warning:  session_start(): open(/opt/bitnami/php/var/run/session/sess_o8mb56a1rkn7ldj1io166vl2o9, O_RDWR) failed: Permission denied (13) in /opt/bitnami/apache/htdocs/TFG/controllers/recordatorios.php on line 32
PHP Warning:  session_start(): Failed to read session data: files (path: /opt/bitnami/php/var/run/session) in /opt/bitnami/apache/htdocs/TFG/controllers/recordatorios.php on line 32
н ҪнҙҺ Buscando recordatorios para vacunas futuras...
Proceso de recordatorios finalizado.

--- 2025-06-10 11:00:01 --- Iniciando proceso de recordatorios ---
н ҪнҙҺ Buscando recordatorios para vacunas futuras...
--- 2025-06-10 11:00:01 --- Proceso de recordatorios finalizado ---

Proceso de recordatorios finalizado.

--- 2025-06-10 11:05:01 --- Iniciando proceso de recordatorios ---
н ҪнҙҺ Buscando recordatorios para vacunas futuras...
--- 2025-06-10 11:05:01 --- Proceso de recordatorios finalizado ---

Proceso de recordatorios finalizado.

--- 2025-06-10 11:10:02 --- Iniciando proceso de recordatorios ---
н ҪнҙҺ Buscando recordatorios para vacunas futuras...
--- 2025-06-10 11:10:02 --- Proceso de recordatorios finalizado ---

Proceso de recordatorios finalizado.

--- 2025-06-10 11:15:01 --- Iniciando proceso de recordatorios ---
н ҪнҙҺ Buscando recordatorios para vacunas futuras...
--- 2025-06-10 11:15:01 --- Proceso de recordatorios finalizado ---

Proceso de recordatorios finalizado.

--- 2025-06-10 11:20:01 --- Iniciando proceso de recordatorios ---
н ҪнҙҺ Buscando recordatorios para vacunas futuras...
--- 2025-06-10 11:20:01 --- Proceso de recordatorios finalizado ---

Proceso de recordatorios finalizado.

--- 2025-06-10 11:25:01 --- Iniciando proceso de recordatorios ---
н ҪнҙҺ Buscando recordatorios para vacunas futuras...
--- 2025-06-10 11:25:01 --- Proceso de recordatorios finalizado ---

Proceso de recordatorios finalizado.

--- 2025-06-10 11:30:01 --- Iniciando proceso de recordatorios ---
н ҪнҙҺ Buscando recordatorios para vacunas futuras...
--- 2025-06-10 11:30:01 --- Proceso de recordatorios finalizado ---

Proceso de recordatorios finalizado.

--- 2025-06-10 11:35:01 --- Iniciando proceso de recordatorios ---
н ҪнҙҺ Buscando recordatorios para vacunas futuras...
--- 2025-06-10 11:35:01 --- Proceso de recordatorios finalizado ---

Proceso de recordatorios finalizado.

--- 2025-06-10 11:40:01 --- Iniciando proceso de recordatorios ---
н ҪнҙҺ Buscando recordatorios para vacunas futuras...
--- 2025-06-10 11:40:01 --- Proceso de recordatorios finalizado ---

Proceso de recordatorios finalizado.

--- 2025-06-10 11:45:01 --- Iniciando proceso de recordatorios ---
н ҪнҙҺ Buscando recordatorios para vacunas futuras...
--- 2025-06-10 11:45:01 --- Proceso de recordatorios finalizado ---

Proceso de recordatorios finalizado.

--- 2025-06-10 11:50:01 --- Iniciando proceso de recordatorios ---
н ҪнҙҺ Buscando recordatorios para vacunas futuras...
--- 2025-06-10 11:50:01 --- Proceso de recordatorios finalizado ---

Proceso de recordatorios finalizado.

--- 2025-06-10 11:55:01 --- Iniciando proceso de recordatorios ---
н ҪнҙҺ Buscando recordatorios para vacunas futuras...
--- 2025-06-10 11:55:01 --- Proceso de recordatorios finalizado ---

Proceso de recordatorios finalizado.

--- 2025-06-10 12:00:01 --- Iniciando proceso de recordatorios ---
н ҪнҙҺ Buscando recordatorios para vacunas futuras...
--- 2025-06-10 12:00:01 --- Proceso de recordatorios finalizado ---

Proceso de recordatorios finalizado.

--- 2025-06-10 12:05:01 --- Iniciando proceso de recordatorios ---
н ҪнҙҺ Buscando recordatorios para vacunas futuras...
--- 2025-06-10 12:05:01 --- Proceso de recordatorios finalizado ---

Proceso de recordatorios finalizado.

--- 2025-06-10 12:10:01 --- Iniciando proceso de recordatorios ---
н ҪнҙҺ Buscando recordatorios para vacunas futuras...
--- 2025-06-10 12:10:01 --- Proceso de recordatorios finalizado ---

Proceso de recordatorios finalizado.

--- 2025-06-10 12:15:01 --- Iniciando proceso de recordatorios ---
н ҪнҙҺ Buscando recordatorios para vacunas futuras...
--- 2025-06-10 12:15:02 --- Proceso de recordatorios finalizado ---

Proceso de recordatorios finalizado.

--- 2025-06-10 12:20:01 --- Iniciando proceso de recordatorios ---
н ҪнҙҺ Buscando recordatorios para vacunas futuras...
--- 2025-06-10 12:20:01 --- Proceso de recordatorios finalizado ---

Proceso de recordatorios finalizado.

--- 2025-06-10 12:25:01 --- Iniciando proceso de recordatorios ---
н ҪнҙҺ Buscando recordatorios para vacunas futuras...
2025-06-10 12:25:01 | Info Brevo: Email enviado con Message ID: <202506101225.80424315190@smtp-relay.mailin.fr> a adriaranguez89@gmail.com
2025-06-10 12:25:01 | вң… Recordatorio enviado y registrado: adriaranguez89@gmail.com | Vacuna: Hexavalente | Edad: 2m | DГӯas antes: 30
2025-06-10 12:25:01 | вң… Recordatorio enviado y registrado: adriaranguez89@gmail.com | Vacuna: Neumococo conjugada 13 (VNC13) | Edad: 2m | DГӯas antes: 30
2025-06-10 12:25:01 | вң… Recordatorio enviado y registrado: adriaranguez89@gmail.com | Vacuna: Meningococo C conjugada (MenC) | Edad: 2m | DГӯas antes: 30
2025-06-10 12:25:01 | вң… Recordatorio enviado y registrado: adriaranguez89@gmail.com | Vacuna: Triple VГӯrica (SRP) | Edad: 2m | DГӯas antes: 30
вң… Recordatorio procesado para adriaranguez89@gmail.com (edad 2 meses, 30 dГӯas antes)
--- 2025-06-10 12:25:01 --- Proceso de recordatorios finalizado ---

Proceso de recordatorios finalizado.

--- 2025-06-10 12:30:01 --- Iniciando proceso de recordatorios ---
н ҪнҙҺ Buscando recordatorios para vacunas futuras...
2025-06-10 12:30:01 | Info: Todas las vacunas para adriaranguez89@gmail.com (Edad: 2m, DГӯas antes: 30) ya han sido enviadas.
--- 2025-06-10 12:30:01 --- Proceso de recordatorios finalizado ---

Proceso de recordatorios finalizado.

--- 2025-06-10 12:35:01 --- Iniciando proceso de recordatorios ---
н ҪнҙҺ Buscando recordatorios para vacunas futuras...
2025-06-10 12:35:01 | Info: Todas las vacunas para adriaranguez89@gmail.com (Edad: 2m, DГӯas antes: 30) ya han sido enviadas.
--- 2025-06-10 12:35:01 --- Proceso de recordatorios finalizado ---

Proceso de recordatorios finalizado.

--- 2025-06-10 12:40:01 --- Iniciando proceso de recordatorios ---
н ҪнҙҺ Buscando recordatorios para vacunas futuras...
2025-06-10 12:40:01 | Info: Todas las vacunas para adriaranguez89@gmail.com (Edad: 2m, DГӯas antes: 30) ya han sido enviadas.
--- 2025-06-10 12:40:01 --- Proceso de recordatorios finalizado ---

Proceso de recordatorios finalizado.

--- 2025-06-10 12:45:01 --- Iniciando proceso de recordatorios ---
н ҪнҙҺ Buscando recordatorios para vacunas futuras...
2025-06-10 12:45:01 | Info: Todas las vacunas para adriaranguez89@gmail.com (Edad: 2m, DГӯas antes: 30) ya han sido enviadas.
--- 2025-06-10 12:45:01 --- Proceso de recordatorios finalizado ---

Proceso de recordatorios finalizado.

--- 2025-06-10 12:50:01 --- Iniciando proceso de recordatorios ---
н ҪнҙҺ Buscando recordatorios para vacunas futuras...
2025-06-10 12:50:02 | Info: Todas las vacunas para adriaranguez89@gmail.com (Edad: 2m, DГӯas antes: 30) ya han sido enviadas.
--- 2025-06-10 12:50:02 --- Proceso de recordatorios finalizado ---

Proceso de recordatorios finalizado.

--- 2025-06-10 12:55:01 --- Iniciando proceso de recordatorios ---
н ҪнҙҺ Buscando recordatorios para vacunas futuras...
2025-06-10 12:55:01 | Info: Todas las vacunas para adriaranguez89@gmail.com (Edad: 2m, DГӯas antes: 30) ya han sido enviadas.
--- 2025-06-10 12:55:01 --- Proceso de recordatorios finalizado ---

Proceso de recordatorios finalizado.

--- 2025-06-10 13:00:01 --- Iniciando proceso de recordatorios ---
н ҪнҙҺ Buscando recordatorios para vacunas futuras...
2025-06-10 13:00:01 | Info: Todas las vacunas para adriaranguez89@gmail.com (Edad: 2m, DГӯas antes: 30) ya han sido enviadas.
--- 2025-06-10 13:00:01 --- Proceso de recordatorios finalizado ---

Proceso de recordatorios finalizado.

--- 2025-06-10 13:05:01 --- Iniciando proceso de recordatorios ---
н ҪнҙҺ Buscando recordatorios para vacunas futuras...
2025-06-10 13:05:01 | Info: Todas las vacunas para adriaranguez89@gmail.com (Edad: 2m, DГӯas antes: 30) ya han sido enviadas.
--- 2025-06-10 13:05:01 --- Proceso de recordatorios finalizado ---

Proceso de recordatorios finalizado.

--- 2025-06-10 13:10:01 --- Iniciando proceso de recordatorios ---
н ҪнҙҺ Buscando recordatorios para vacunas futuras...
2025-06-10 13:10:01 | Info: Todas las vacunas para adriaranguez89@gmail.com (Edad: 2m, DГӯas antes: 30) ya han sido enviadas.
--- 2025-06-10 13:10:01 --- Proceso de recordatorios finalizado ---

Proceso de recordatorios finalizado.

--- 2025-06-10 13:15:01 --- Iniciando proceso de recordatorios ---
н ҪнҙҺ Buscando recordatorios para vacunas futuras...
2025-06-10 13:15:01 | Info: Todas las vacunas para adriaranguez89@gmail.com (Edad: 2m, DГӯas antes: 30) ya han sido enviadas.
--- 2025-06-10 13:15:01 --- Proceso de recordatorios finalizado ---

Proceso de recordatorios finalizado.

--- 2025-06-10 13:20:01 --- Iniciando proceso de recordatorios ---
н ҪнҙҺ Buscando recordatorios para vacunas futuras...
2025-06-10 13:20:01 | Info: Todas las vacunas para adriaranguez89@gmail.com (Edad: 2m, DГӯas antes: 30) ya han sido enviadas.
--- 2025-06-10 13:20:01 --- Proceso de recordatorios finalizado ---

Proceso de recordatorios finalizado.

--- 2025-06-10 13:25:01 --- Iniciando proceso de recordatorios ---
н ҪнҙҺ Buscando recordatorios para vacunas futuras...
2025-06-10 13:25:01 | Info: Todas las vacunas para adriaranguez89@gmail.com (Edad: 2m, DГӯas antes: 30) ya han sido enviadas.
--- 2025-06-10 13:25:01 --- Proceso de recordatorios finalizado ---

Proceso de recordatorios finalizado.

--- 2025-06-10 13:30:01 --- Iniciando proceso de recordatorios ---
н ҪнҙҺ Buscando recordatorios para vacunas futuras...
2025-06-10 13:30:01 | Info: Todas las vacunas para adriaranguez89@gmail.com (Edad: 2m, DГӯas antes: 30) ya han sido enviadas.
--- 2025-06-10 13:30:01 --- Proceso de recordatorios finalizado ---

Proceso de recordatorios finalizado.

--- 2025-06-10 13:35:01 --- Iniciando proceso de recordatorios ---
н ҪнҙҺ Buscando recordatorios para vacunas futuras...
2025-06-10 13:35:01 | Info: Todas las vacunas para adriaranguez89@gmail.com (Edad: 2m, DГӯas antes: 30) ya han sido enviadas.
--- 2025-06-10 13:35:01 --- Proceso de recordatorios finalizado ---

Proceso de recordatorios finalizado.

--- 2025-06-10 13:40:01 --- Iniciando proceso de recordatorios ---
н ҪнҙҺ Buscando recordatorios para vacunas futuras...
2025-06-10 13:40:01 | Info: Todas las vacunas para adriaranguez89@gmail.com (Edad: 2m, DГӯas antes: 30) ya han sido enviadas.
--- 2025-06-10 13:40:01 --- Proceso de recordatorios finalizado ---

Proceso de recordatorios finalizado.

--- 2025-06-10 13:45:01 --- Iniciando proceso de recordatorios ---
н ҪнҙҺ Buscando recordatorios para vacunas futuras...
2025-06-10 13:45:01 | Info: Todas las vacunas para adriaranguez89@gmail.com (Edad: 2m, DГӯas antes: 30) ya han sido enviadas.
--- 2025-06-10 13:45:01 --- Proceso de recordatorios finalizado ---

Proceso de recordatorios finalizado.

--- 2025-06-10 13:50:01 --- Iniciando proceso de recordatorios ---
н ҪнҙҺ Buscando recordatorios para vacunas futuras...
2025-06-10 13:50:01 | Info: Todas las vacunas para adriaranguez89@gmail.com (Edad: 2m, DГӯas antes: 30) ya han sido enviadas.
--- 2025-06-10 13:50:01 --- Proceso de recordatorios finalizado ---

Proceso de recordatorios finalizado.

--- 2025-06-10 13:55:02 --- Iniciando proceso de recordatorios ---
н ҪнҙҺ Buscando recordatorios para vacunas futuras...
2025-06-10 13:55:02 | Info: Todas las vacunas para adriaranguez89@gmail.com (Edad: 2m, DГӯas antes: 30) ya han sido enviadas.
--- 2025-06-10 13:55:02 --- Proceso de recordatorios finalizado ---

Proceso de recordatorios finalizado.

--- 2025-06-10 14:00:01 --- Iniciando proceso de recordatorios ---
н ҪнҙҺ Buscando recordatorios para vacunas futuras...
2025-06-10 14:00:01 | Info: Todas las vacunas para adriaranguez89@gmail.com (Edad: 2m, DГӯas antes: 30) ya han sido enviadas.
--- 2025-06-10 14:00:01 --- Proceso de recordatorios finalizado ---

Proceso de recordatorios finalizado.

--- 2025-06-10 14:05:01 --- Iniciando proceso de recordatorios ---
н ҪнҙҺ Buscando recordatorios para vacunas futuras...
2025-06-10 14:05:01 | Info: Todas las vacunas para adriaranguez89@gmail.com (Edad: 2m, DГӯas antes: 30) ya han sido enviadas.
--- 2025-06-10 14:05:01 --- Proceso de recordatorios finalizado ---

Proceso de recordatorios finalizado.

--- 2025-06-10 14:10:01 --- Iniciando proceso de recordatorios ---
н ҪнҙҺ Buscando recordatorios para vacunas futuras...
2025-06-10 14:10:01 | Info: Todas las vacunas para adriaranguez89@gmail.com (Edad: 2m, DГӯas antes: 30) ya han sido enviadas.
--- 2025-06-10 14:10:01 --- Proceso de recordatorios finalizado ---

Proceso de recordatorios finalizado.

--- 2025-06-10 14:15:01 --- Iniciando proceso de recordatorios ---
н ҪнҙҺ Buscando recordatorios para vacunas futuras...
2025-06-10 14:15:01 | Info: Todas las vacunas para adriaranguez89@gmail.com (Edad: 2m, DГӯas antes: 30) ya han sido enviadas.
--- 2025-06-10 14:15:01 --- Proceso de recordatorios finalizado ---

Proceso de recordatorios finalizado.

--- 2025-06-10 14:20:01 --- Iniciando proceso de recordatorios ---
н ҪнҙҺ Buscando recordatorios para vacunas futuras...
2025-06-10 14:20:01 | Info: Todas las vacunas para adriaranguez89@gmail.com (Edad: 2m, DГӯas antes: 30) ya han sido enviadas.
--- 2025-06-10 14:20:01 --- Proceso de recordatorios finalizado ---

Proceso de recordatorios finalizado.

--- 2025-06-10 14:25:01 --- Iniciando proceso de recordatorios ---
н ҪнҙҺ Buscando recordatorios para vacunas futuras...
2025-06-10 14:25:01 | Info: Todas las vacunas para adriaranguez89@gmail.com (Edad: 2m, DГӯas antes: 30) ya han sido enviadas.
--- 2025-06-10 14:25:01 --- Proceso de recordatorios finalizado ---

Proceso de recordatorios finalizado.

--- 2025-06-10 14:30:01 --- Iniciando proceso de recordatorios ---
н ҪнҙҺ Buscando recordatorios para vacunas futuras...
2025-06-10 14:30:01 | Info: Todas las vacunas para adriaranguez89@gmail.com (Edad: 2m, DГӯas antes: 30) ya han sido enviadas.
--- 2025-06-10 14:30:01 --- Proceso de recordatorios finalizado ---

Proceso de recordatorios finalizado.

--- 2025-06-10 14:35:01 --- Iniciando proceso de recordatorios ---
н ҪнҙҺ Buscando recordatorios para vacunas futuras...
2025-06-10 14:35:01 | Info: Todas las vacunas para adriaranguez89@gmail.com (Edad: 2m, DГӯas antes: 30) ya han sido enviadas.
--- 2025-06-10 14:35:01 --- Proceso de recordatorios finalizado ---

Proceso de recordatorios finalizado.
PHP Parse error:  syntax error, unexpected identifier " ", expecting "function" in /opt/bitnami/apache/htdocs/TFG/models/BBDD.php on line 17

--- 2025-06-10 14:45:01 --- Iniciando proceso de recordatorios ---
н ҪнҙҺ Buscando recordatorios para vacunas futuras...
2025-06-10 14:45:01 | Info: Todas las vacunas para adriaranguez89@gmail.com (Edad: 2m, DГӯas antes: 30) ya han sido enviadas.
--- 2025-06-10 14:45:01 --- Proceso de recordatorios finalizado ---

Proceso de recordatorios finalizado.
PHP Parse error:  syntax error, unexpected identifier "id", expecting "," or ";" in /opt/bitnami/apache/htdocs/TFG/models/BBDD.php on line 93

--- 2025-06-10 14:55:01 --- Iniciando proceso de recordatorios ---
н ҪнҙҺ Buscando recordatorios para vacunas futuras...
2025-06-10 14:55:01 | Info: Todas las vacunas para adriaranguez89@gmail.com (Edad: 2m, DГӯas antes: 30) ya han sido enviadas.
--- 2025-06-10 14:55:01 --- Proceso de recordatorios finalizado ---

Proceso de recordatorios finalizado.

--- 2025-06-10 15:00:02 --- Iniciando proceso de recordatorios ---
н ҪнҙҺ Buscando recordatorios para vacunas futuras...
2025-06-10 15:00:02 | Info: Todas las vacunas para adriaranguez89@gmail.com (Edad: 2m, DГӯas antes: 30) ya han sido enviadas.
--- 2025-06-10 15:00:02 --- Proceso de recordatorios finalizado ---

Proceso de recordatorios finalizado.

--- 2025-06-10 15:05:01 --- Iniciando proceso de recordatorios ---
н ҪнҙҺ Buscando recordatorios para vacunas futuras...
2025-06-10 15:05:01 | Info: Todas las vacunas para adriaranguez89@gmail.com (Edad: 2m, DГӯas antes: 30) ya han sido enviadas.
--- 2025-06-10 15:05:01 --- Proceso de recordatorios finalizado ---

Proceso de recordatorios finalizado.
PHP Parse error:  syntax error, unexpected token "public", expecting end of file in /opt/bitnami/apache/htdocs/TFG/models/BBDD.php on line 474

--- 2025-06-10 15:15:01 --- Iniciando proceso de recordatorios ---
н ҪнҙҺ Buscando recordatorios para vacunas futuras...
2025-06-10 15:15:01 | Info: Todas las vacunas para adriaranguez89@gmail.com (Edad: 2m, DГӯas antes: 30) ya han sido enviadas.
--- 2025-06-10 15:15:01 --- Proceso de recordatorios finalizado ---

Proceso de recordatorios finalizado.

--- 2025-06-10 15:20:01 --- Iniciando proceso de recordatorios ---
н ҪнҙҺ Buscando recordatorios para vacunas futuras...
2025-06-10 15:20:01 | Info: Todas las vacunas para adriaranguez89@gmail.com (Edad: 2m, DГӯas antes: 30) ya han sido enviadas.
--- 2025-06-10 15:20:01 --- Proceso de recordatorios finalizado ---

Proceso de recordatorios finalizado.
PHP Parse error:  Unclosed '{' on line 12 in /opt/bitnami/apache/htdocs/TFG/models/BBDD.php on line 611

--- 2025-06-10 15:30:01 --- Iniciando proceso de recordatorios ---
н ҪнҙҺ Buscando recordatorios para vacunas futuras...
2025-06-10 15:30:01 | Info: Todas las vacunas para adriaranguez89@gmail.com (Edad: 2m, DГӯas antes: 30) ya han sido enviadas.
--- 2025-06-10 15:30:01 --- Proceso de recordatorios finalizado ---

Proceso de recordatorios finalizado.

--- 2025-06-10 15:35:01 --- Iniciando proceso de recordatorios ---
н ҪнҙҺ Buscando recordatorios para vacunas futuras...
2025-06-10 15:35:01 | Info: Todas las vacunas para adriaranguez89@gmail.com (Edad: 2m, DГӯas antes: 30) ya han sido enviadas.
--- 2025-06-10 15:35:01 --- Proceso de recordatorios finalizado ---

Proceso de recordatorios finalizado.

--- 2025-06-10 15:40:01 --- Iniciando proceso de recordatorios ---
н ҪнҙҺ Buscando recordatorios para vacunas futuras...
2025-06-10 15:40:01 | Info: Todas las vacunas para adriaranguez89@gmail.com (Edad: 2m, DГӯas antes: 30) ya han sido enviadas.
--- 2025-06-10 15:40:01 --- Proceso de recordatorios finalizado ---

Proceso de recordatorios finalizado.

--- 2025-06-10 15:45:01 --- Iniciando proceso de recordatorios ---
н ҪнҙҺ Buscando recordatorios para vacunas futuras...
2025-06-10 15:45:01 | Info: Todas las vacunas para adriaranguez89@gmail.com (Edad: 2m, DГӯas antes: 30) ya han sido enviadas.
--- 2025-06-10 15:45:01 --- Proceso de recordatorios finalizado ---

Proceso de recordatorios finalizado.

--- 2025-06-10 15:50:01 --- Iniciando proceso de recordatorios ---
н ҪнҙҺ Buscando recordatorios para vacunas futuras...
2025-06-10 15:50:01 | Info: Todas las vacunas para adriaranguez89@gmail.com (Edad: 2m, DГӯas antes: 30) ya han sido enviadas.
--- 2025-06-10 15:50:01 --- Proceso de recordatorios finalizado ---

Proceso de recordatorios finalizado.

--- 2025-06-10 15:55:01 --- Iniciando proceso de recordatorios ---
н ҪнҙҺ Buscando recordatorios para vacunas futuras...
2025-06-10 15:55:01 | Info: Todas las vacunas para adriaranguez89@gmail.com (Edad: 2m, DГӯas antes: 30) ya han sido enviadas.
--- 2025-06-10 15:55:01 --- Proceso de recordatorios finalizado ---

Proceso de recordatorios finalizado.

--- 2025-06-10 16:00:02 --- Iniciando proceso de recordatorios ---
н ҪнҙҺ Buscando recordatorios para vacunas futuras...
2025-06-10 16:00:02 | Info: Todas las vacunas para adriaranguez89@gmail.com (Edad: 2m, DГӯas antes: 30) ya han sido enviadas.
--- 2025-06-10 16:00:02 --- Proceso de recordatorios finalizado ---

Proceso de recordatorios finalizado.

--- 2025-06-10 16:05:01 --- Iniciando proceso de recordatorios ---
н ҪнҙҺ Buscando recordatorios para vacunas futuras...
2025-06-10 16:05:01 | Info: Todas las vacunas para adriaranguez89@gmail.com (Edad: 2m, DГӯas antes: 30) ya han sido enviadas.
--- 2025-06-10 16:05:01 --- Proceso de recordatorios finalizado ---

Proceso de recordatorios finalizado.

--- 2025-06-10 16:10:01 --- Iniciando proceso de recordatorios ---
н ҪнҙҺ Buscando recordatorios para vacunas futuras...
2025-06-10 16:10:01 | Info: Todas las vacunas para adriaranguez89@gmail.com (Edad: 2m, DГӯas antes: 30) ya han sido enviadas.
--- 2025-06-10 16:10:01 --- Proceso de recordatorios finalizado ---

Proceso de recordatorios finalizado.

--- 2025-06-10 16:15:01 --- Iniciando proceso de recordatorios ---
н ҪнҙҺ Buscando recordatorios para vacunas futuras...
2025-06-10 16:15:01 | Info: Todas las vacunas para adriaranguez89@gmail.com (Edad: 2m, DГӯas antes: 30) ya han sido enviadas.
--- 2025-06-10 16:15:01 --- Proceso de recordatorios finalizado ---

Proceso de recordatorios finalizado.

--- 2025-06-10 16:20:01 --- Iniciando proceso de recordatorios ---
н ҪнҙҺ Buscando recordatorios para vacunas futuras...
2025-06-10 16:20:01 | Info: Todas las vacunas para adriaranguez89@gmail.com (Edad: 2m, DГӯas antes: 30) ya han sido enviadas.
--- 2025-06-10 16:20:01 --- Proceso de recordatorios finalizado ---

Proceso de recordatorios finalizado.

--- 2025-06-10 16:25:01 --- Iniciando proceso de recordatorios ---
н ҪнҙҺ Buscando recordatorios para vacunas futuras...
2025-06-10 16:25:01 | Info: Todas las vacunas para adriaranguez89@gmail.com (Edad: 2m, DГӯas antes: 30) ya han sido enviadas.
--- 2025-06-10 16:25:01 --- Proceso de recordatorios finalizado ---

Proceso de recordatorios finalizado.

--- 2025-06-10 16:30:01 --- Iniciando proceso de recordatorios ---
н ҪнҙҺ Buscando recordatorios para vacunas futuras...
2025-06-10 16:30:01 | Info: Todas las vacunas para adriaranguez89@gmail.com (Edad: 2m, DГӯas antes: 30) ya han sido enviadas.
--- 2025-06-10 16:30:01 --- Proceso de recordatorios finalizado ---

Proceso de recordatorios finalizado.

--- 2025-06-10 16:35:01 --- Iniciando proceso de recordatorios ---
н ҪнҙҺ Buscando recordatorios para vacunas futuras...
2025-06-10 16:35:01 | Info: Todas las vacunas para adriaranguez89@gmail.com (Edad: 2m, DГӯas antes: 30) ya han sido enviadas.
--- 2025-06-10 16:35:01 --- Proceso de recordatorios finalizado ---

Proceso de recordatorios finalizado.

--- 2025-06-10 16:40:01 --- Iniciando proceso de recordatorios ---
н ҪнҙҺ Buscando recordatorios para vacunas futuras...
2025-06-10 16:40:01 | Info: Todas las vacunas para adriaranguez89@gmail.com (Edad: 2m, DГӯas antes: 30) ya han sido enviadas.
--- 2025-06-10 16:40:01 --- Proceso de recordatorios finalizado ---

Proceso de recordatorios finalizado.

--- 2025-06-10 16:45:01 --- Iniciando proceso de recordatorios ---
н ҪнҙҺ Buscando recordatorios para vacunas futuras...
2025-06-10 16:45:01 | Info: Todas las vacunas para adriaranguez89@gmail.com (Edad: 2m, DГӯas antes: 30) ya han sido enviadas.
--- 2025-06-10 16:45:01 --- Proceso de recordatorios finalizado ---

Proceso de recordatorios finalizado.

--- 2025-06-10 16:50:01 --- Iniciando proceso de recordatorios ---
н ҪнҙҺ Buscando recordatorios para vacunas futuras...
2025-06-10 16:50:01 | Info: Todas las vacunas para adriaranguez89@gmail.com (Edad: 2m, DГӯas antes: 30) ya han sido enviadas.
--- 2025-06-10 16:50:01 --- Proceso de recordatorios finalizado ---

Proceso de recordatorios finalizado.

--- 2025-06-10 16:55:01 --- Iniciando proceso de recordatorios ---
н ҪнҙҺ Buscando recordatorios para vacunas futuras...
2025-06-10 16:55:01 | Info: Todas las vacunas para adriaranguez89@gmail.com (Edad: 2m, DГӯas antes: 30) ya han sido enviadas.
--- 2025-06-10 16:55:01 --- Proceso de recordatorios finalizado ---

Proceso de recordatorios finalizado.

--- 2025-06-10 17:00:01 --- Iniciando proceso de recordatorios ---
н ҪнҙҺ Buscando recordatorios para vacunas futuras...
2025-06-10 17:00:01 | Info: Todas las vacunas para adriaranguez89@gmail.com (Edad: 2m, DГӯas antes: 30) ya han sido enviadas.
--- 2025-06-10 17:00:01 --- Proceso de recordatorios finalizado ---

Proceso de recordatorios finalizado.

--- 2025-06-10 17:05:01 --- Iniciando proceso de recordatorios ---
н ҪнҙҺ Buscando recordatorios para vacunas futuras...
2025-06-10 17:05:01 | Info: Todas las vacunas para adriaranguez89@gmail.com (Edad: 2m, DГӯas antes: 30) ya han sido enviadas.
--- 2025-06-10 17:05:01 --- Proceso de recordatorios finalizado ---

Proceso de recordatorios finalizado.

--- 2025-06-10 17:10:02 --- Iniciando proceso de recordatorios ---
н ҪнҙҺ Buscando recordatorios para vacunas futuras...
2025-06-10 17:10:02 | Info: Todas las vacunas para adriaranguez89@gmail.com (Edad: 2m, DГӯas antes: 30) ya han sido enviadas.
--- 2025-06-10 17:10:02 --- Proceso de recordatorios finalizado ---

Proceso de recordatorios finalizado.

--- 2025-06-10 17:15:01 --- Iniciando proceso de recordatorios ---
н ҪнҙҺ Buscando recordatorios para vacunas futuras...
2025-06-10 17:15:01 | Info: Todas las vacunas para adriaranguez89@gmail.com (Edad: 2m, DГӯas antes: 30) ya han sido enviadas.
--- 2025-06-10 17:15:01 --- Proceso de recordatorios finalizado ---

Proceso de recordatorios finalizado.

--- 2025-06-10 17:20:01 --- Iniciando proceso de recordatorios ---
н ҪнҙҺ Buscando recordatorios para vacunas futuras...
2025-06-10 17:20:01 | Info: Todas las vacunas para adriaranguez89@gmail.com (Edad: 2m, DГӯas antes: 30) ya han sido enviadas.
--- 2025-06-10 17:20:01 --- Proceso de recordatorios finalizado ---

Proceso de recordatorios finalizado.

--- 2025-06-10 17:25:01 --- Iniciando proceso de recordatorios ---
н ҪнҙҺ Buscando recordatorios para vacunas futuras...
2025-06-10 17:25:01 | Info: Todas las vacunas para adriaranguez89@gmail.com (Edad: 2m, DГӯas antes: 30) ya han sido enviadas.
--- 2025-06-10 17:25:01 --- Proceso de recordatorios finalizado ---

Proceso de recordatorios finalizado.

--- 2025-06-10 17:30:01 --- Iniciando proceso de recordatorios ---
н ҪнҙҺ Buscando recordatorios para vacunas futuras...
2025-06-10 17:30:01 | Info: Todas las vacunas para adriaranguez89@gmail.com (Edad: 2m, DГӯas antes: 30) ya han sido enviadas.
--- 2025-06-10 17:30:01 --- Proceso de recordatorios finalizado ---

Proceso de recordatorios finalizado.

--- 2025-06-10 17:35:01 --- Iniciando proceso de recordatorios ---
н ҪнҙҺ Buscando recordatorios para vacunas futuras...
2025-06-10 17:35:01 | Info: Todas las vacunas para adriaranguez89@gmail.com (Edad: 2m, DГӯas antes: 30) ya han sido enviadas.
--- 2025-06-10 17:35:01 --- Proceso de recordatorios finalizado ---

Proceso de recordatorios finalizado.

--- 2025-06-10 17:40:01 --- Iniciando proceso de recordatorios ---
н ҪнҙҺ Buscando recordatorios para vacunas futuras...
2025-06-10 17:40:01 | Info: Todas las vacunas para adriaranguez89@gmail.com (Edad: 2m, DГӯas antes: 30) ya han sido enviadas.
--- 2025-06-10 17:40:01 --- Proceso de recordatorios finalizado ---

Proceso de recordatorios finalizado.

--- 2025-06-10 17:45:01 --- Iniciando proceso de recordatorios ---
н ҪнҙҺ Buscando recordatorios para vacunas futuras...
2025-06-10 17:45:01 | Info: Todas las vacunas para adriaranguez89@gmail.com (Edad: 2m, DГӯas antes: 30) ya han sido enviadas.
--- 2025-06-10 17:45:01 --- Proceso de recordatorios finalizado ---

Proceso de recordatorios finalizado.

--- 2025-06-10 17:50:01 --- Iniciando proceso de recordatorios ---
н ҪнҙҺ Buscando recordatorios para vacunas futuras...
2025-06-10 17:50:01 | Info: Todas las vacunas para adriaranguez89@gmail.com (Edad: 2m, DГӯas antes: 30) ya han sido enviadas.
--- 2025-06-10 17:50:01 --- Proceso de recordatorios finalizado ---

Proceso de recordatorios finalizado.

--- 2025-06-10 17:55:01 --- Iniciando proceso de recordatorios ---
н ҪнҙҺ Buscando recordatorios para vacunas futuras...
2025-06-10 17:55:01 | Info: Todas las vacunas para adriaranguez89@gmail.com (Edad: 2m, DГӯas antes: 30) ya han sido enviadas.
--- 2025-06-10 17:55:01 --- Proceso de recordatorios finalizado ---

Proceso de recordatorios finalizado.

--- 2025-06-10 18:00:01 --- Iniciando proceso de recordatorios ---
н ҪнҙҺ Buscando recordatorios para vacunas futuras...
2025-06-10 18:00:01 | Info: Todas las vacunas para adriaranguez89@gmail.com (Edad: 2m, DГӯas antes: 30) ya han sido enviadas.
--- 2025-06-10 18:00:01 --- Proceso de recordatorios finalizado ---

Proceso de recordatorios finalizado.

--- 2025-06-10 18:05:01 --- Iniciando proceso de recordatorios ---
н ҪнҙҺ Buscando recordatorios para vacunas futuras...
2025-06-10 18:05:01 | Info: Todas las vacunas para adriaranguez89@gmail.com (Edad: 2m, DГӯas antes: 30) ya han sido enviadas.
--- 2025-06-10 18:05:01 --- Proceso de recordatorios finalizado ---

Proceso de recordatorios finalizado.

--- 2025-06-10 18:10:01 --- Iniciando proceso de recordatorios ---
н ҪнҙҺ Buscando recordatorios para vacunas futuras...
2025-06-10 18:10:01 | Info: Todas las vacunas para adriaranguez89@gmail.com (Edad: 2m, DГӯas antes: 30) ya han sido enviadas.
--- 2025-06-10 18:10:01 --- Proceso de recordatorios finalizado ---

Proceso de recordatorios finalizado.

--- 2025-06-10 18:15:02 --- Iniciando proceso de recordatorios ---
н ҪнҙҺ Buscando recordatorios para vacunas futuras...
2025-06-10 18:15:02 | Info: Todas las vacunas para adriaranguez89@gmail.com (Edad: 2m, DГӯas antes: 30) ya han sido enviadas.
--- 2025-06-10 18:15:02 --- Proceso de recordatorios finalizado ---

Proceso de recordatorios finalizado.

--- 2025-06-10 18:20:01 --- Iniciando proceso de recordatorios ---
н ҪнҙҺ Buscando recordatorios para vacunas futuras...
2025-06-10 18:20:01 | Info: Todas las vacunas para adriaranguez89@gmail.com (Edad: 2m, DГӯas antes: 30) ya han sido enviadas.
--- 2025-06-10 18:20:01 --- Proceso de recordatorios finalizado ---

Proceso de recordatorios finalizado.

--- 2025-06-10 18:25:01 --- Iniciando proceso de recordatorios ---
н ҪнҙҺ Buscando recordatorios para vacunas futuras...
2025-06-10 18:25:01 | Info: Todas las vacunas para adriaranguez89@gmail.com (Edad: 2m, DГӯas antes: 30) ya han sido enviadas.
--- 2025-06-10 18:25:01 --- Proceso de recordatorios finalizado ---

Proceso de recordatorios finalizado.

--- 2025-06-10 18:30:01 --- Iniciando proceso de recordatorios ---
н ҪнҙҺ Buscando recordatorios para vacunas futuras...
2025-06-10 18:30:01 | Info: Todas las vacunas para adriaranguez89@gmail.com (Edad: 2m, DГӯas antes: 30) ya han sido enviadas.
--- 2025-06-10 18:30:01 --- Proceso de recordatorios finalizado ---

Proceso de recordatorios finalizado.

--- 2025-06-10 18:35:01 --- Iniciando proceso de recordatorios ---
н ҪнҙҺ Buscando recordatorios para vacunas futuras...
2025-06-10 18:35:01 | Info: Todas las vacunas para adriaranguez89@gmail.com (Edad: 2m, DГӯas antes: 30) ya han sido enviadas.
--- 2025-06-10 18:35:01 --- Proceso de recordatorios finalizado ---

Proceso de recordatorios finalizado.

--- 2025-06-10 18:40:01 --- Iniciando proceso de recordatorios ---
н ҪнҙҺ Buscando recordatorios para vacunas futuras...
2025-06-10 18:40:01 | Info: Todas las vacunas para adriaranguez89@gmail.com (Edad: 2m, DГӯas antes: 30) ya han sido enviadas.
--- 2025-06-10 18:40:01 --- Proceso de recordatorios finalizado ---

Proceso de recordatorios finalizado.

--- 2025-06-10 18:45:01 --- Iniciando proceso de recordatorios ---
н ҪнҙҺ Buscando recordatorios para vacunas futuras...
2025-06-10 18:45:01 | Info: Todas las vacunas para adriaranguez89@gmail.com (Edad: 2m, DГӯas antes: 30) ya han sido enviadas.
--- 2025-06-10 18:45:01 --- Proceso de recordatorios finalizado ---

Proceso de recordatorios finalizado.

--- 2025-06-10 18:50:01 --- Iniciando proceso de recordatorios ---
н ҪнҙҺ Buscando recordatorios para vacunas futuras...
2025-06-10 18:50:01 | Info: Todas las vacunas para adriaranguez89@gmail.com (Edad: 2m, DГӯas antes: 30) ya han sido enviadas.
--- 2025-06-10 18:50:01 --- Proceso de recordatorios finalizado ---

Proceso de recordatorios finalizado.

--- 2025-06-10 18:55:01 --- Iniciando proceso de recordatorios ---
н ҪнҙҺ Buscando recordatorios para vacunas futuras...
2025-06-10 18:55:01 | Info: Todas las vacunas para adriaranguez89@gmail.com (Edad: 2m, DГӯas antes: 30) ya han sido enviadas.
--- 2025-06-10 18:55:01 --- Proceso de recordatorios finalizado ---

Proceso de recordatorios finalizado.

--- 2025-06-10 19:00:01 --- Iniciando proceso de recordatorios ---
н ҪнҙҺ Buscando recordatorios para vacunas futuras...
2025-06-10 19:00:01 | Info: Todas las vacunas para adriaranguez89@gmail.com (Edad: 2m, DГӯas antes: 30) ya han sido enviadas.
--- 2025-06-10 19:00:01 --- Proceso de recordatorios finalizado ---

Proceso de recordatorios finalizado.

--- 2025-06-10 19:05:01 --- Iniciando proceso de recordatorios ---
н ҪнҙҺ Buscando recordatorios para vacunas futuras...
2025-06-10 19:05:02 | Info: Todas las vacunas para adriaranguez89@gmail.com (Edad: 2m, DГӯas antes: 30) ya han sido enviadas.
--- 2025-06-10 19:05:02 --- Proceso de recordatorios finalizado ---

Proceso de recordatorios finalizado.

--- 2025-06-10 19:10:01 --- Iniciando proceso de recordatorios ---
н ҪнҙҺ Buscando recordatorios para vacunas futuras...
2025-06-10 19:10:01 | Info: Todas las vacunas para adriaranguez89@gmail.com (Edad: 2m, DГӯas antes: 30) ya han sido enviadas.
--- 2025-06-10 19:10:01 --- Proceso de recordatorios finalizado ---

Proceso de recordatorios finalizado.

--- 2025-06-10 19:15:01 --- Iniciando proceso de recordatorios ---
н ҪнҙҺ Buscando recordatorios para vacunas futuras...
2025-06-10 19:15:01 | Info: Todas las vacunas para adriaranguez89@gmail.com (Edad: 2m, DГӯas antes: 30) ya han sido enviadas.
--- 2025-06-10 19:15:01 --- Proceso de recordatorios finalizado ---

Proceso de recordatorios finalizado.

--- 2025-06-10 19:20:01 --- Iniciando proceso de recordatorios ---
н ҪнҙҺ Buscando recordatorios para vacunas futuras...
2025-06-10 19:20:01 | Info: Todas las vacunas para adriaranguez89@gmail.com (Edad: 2m, DГӯas antes: 30) ya han sido enviadas.
--- 2025-06-10 19:20:01 --- Proceso de recordatorios finalizado ---

Proceso de recordatorios finalizado.

--- 2025-06-10 19:25:01 --- Iniciando proceso de recordatorios ---
н ҪнҙҺ Buscando recordatorios para vacunas futuras...
2025-06-10 19:25:01 | Info: Todas las vacunas para adriaranguez89@gmail.com (Edad: 2m, DГӯas antes: 30) ya han sido enviadas.
--- 2025-06-10 19:25:01 --- Proceso de recordatorios finalizado ---

Proceso de recordatorios finalizado.

--- 2025-06-10 19:30:01 --- Iniciando proceso de recordatorios ---
н ҪнҙҺ Buscando recordatorios para vacunas futuras...
2025-06-10 19:30:01 | Info: Todas las vacunas para adriaranguez89@gmail.com (Edad: 2m, DГӯas antes: 30) ya han sido enviadas.
--- 2025-06-10 19:30:01 --- Proceso de recordatorios finalizado ---

Proceso de recordatorios finalizado.

--- 2025-06-10 19:35:01 --- Iniciando proceso de recordatorios ---
н ҪнҙҺ Buscando recordatorios para vacunas futuras...
2025-06-10 19:35:01 | Info: Todas las vacunas para adriaranguez89@gmail.com (Edad: 2m, DГӯas antes: 30) ya han sido enviadas.
--- 2025-06-10 19:35:01 --- Proceso de recordatorios finalizado ---

Proceso de recordatorios finalizado.

--- 2025-06-10 19:40:01 --- Iniciando proceso de recordatorios ---
н ҪнҙҺ Buscando recordatorios para vacunas futuras...
2025-06-10 19:40:01 | Info: Todas las vacunas para adriaranguez89@gmail.com (Edad: 2m, DГӯas antes: 30) ya han sido enviadas.
--- 2025-06-10 19:40:01 --- Proceso de recordatorios finalizado ---

Proceso de recordatorios finalizado.

--- 2025-06-10 19:45:01 --- Iniciando proceso de recordatorios ---
н ҪнҙҺ Buscando recordatorios para vacunas futuras...
2025-06-10 19:45:01 | Info: Todas las vacunas para adriaranguez89@gmail.com (Edad: 2m, DГӯas antes: 30) ya han sido enviadas.
--- 2025-06-10 19:45:01 --- Proceso de recordatorios finalizado ---

Proceso de recordatorios finalizado.

--- 2025-06-10 19:50:01 --- Iniciando proceso de recordatorios ---
н ҪнҙҺ Buscando recordatorios para vacunas futuras...
2025-06-10 19:50:01 | Info: Todas las vacunas para adriaranguez89@gmail.com (Edad: 2m, DГӯas antes: 30) ya han sido enviadas.
--- 2025-06-10 19:50:01 --- Proceso de recordatorios finalizado ---

Proceso de recordatorios finalizado.

--- 2025-06-10 19:55:02 --- Iniciando proceso de recordatorios ---
н ҪнҙҺ Buscando recordatorios para vacunas futuras...
2025-06-10 19:55:02 | Info: Todas las vacunas para adriaranguez89@gmail.com (Edad: 2m, DГӯas antes: 30) ya han sido enviadas.
--- 2025-06-10 19:55:02 --- Proceso de recordatorios finalizado ---

Proceso de recordatorios finalizado.

--- 2025-06-10 20:00:01 --- Iniciando proceso de recordatorios ---
н ҪнҙҺ Buscando recordatorios para vacunas futuras...
2025-06-10 20:00:01 | Info: Todas las vacunas para adriaranguez89@gmail.com (Edad: 2m, DГӯas antes: 30) ya han sido enviadas.
--- 2025-06-10 20:00:01 --- Proceso de recordatorios finalizado ---

Proceso de recordatorios finalizado.

--- 2025-06-10 20:05:01 --- Iniciando proceso de recordatorios ---
н ҪнҙҺ Buscando recordatorios para vacunas futuras...
2025-06-10 20:05:01 | Info: Todas las vacunas para adriaranguez89@gmail.com (Edad: 2m, DГӯas antes: 30) ya han sido enviadas.
--- 2025-06-10 20:05:01 --- Proceso de recordatorios finalizado ---

Proceso de recordatorios finalizado.

--- 2025-06-10 20:10:01 --- Iniciando proceso de recordatorios ---
н ҪнҙҺ Buscando recordatorios para vacunas futuras...
2025-06-10 20:10:01 | Info: Todas las vacunas para adriaranguez89@gmail.com (Edad: 2m, DГӯas antes: 30) ya han sido enviadas.
--- 2025-06-10 20:10:01 --- Proceso de recordatorios finalizado ---

Proceso de recordatorios finalizado.

--- 2025-06-10 20:15:01 --- Iniciando proceso de recordatorios ---
н ҪнҙҺ Buscando recordatorios para vacunas futuras...
2025-06-10 20:15:01 | Info: Todas las vacunas para adriaranguez89@gmail.com (Edad: 2m, DГӯas antes: 30) ya han sido enviadas.
--- 2025-06-10 20:15:01 --- Proceso de recordatorios finalizado ---

Proceso de recordatorios finalizado.

--- 2025-06-10 20:20:01 --- Iniciando proceso de recordatorios ---
н ҪнҙҺ Buscando recordatorios para vacunas futuras...
2025-06-10 20:20:01 | Info: Todas las vacunas para adriaranguez89@gmail.com (Edad: 2m, DГӯas antes: 30) ya han sido enviadas.
--- 2025-06-10 20:20:01 --- Proceso de recordatorios finalizado ---

Proceso de recordatorios finalizado.

--- 2025-06-10 20:25:01 --- Iniciando proceso de recordatorios ---
н ҪнҙҺ Buscando recordatorios para vacunas futuras...
2025-06-10 20:25:01 | Info: Todas las vacunas para adriaranguez89@gmail.com (Edad: 2m, DГӯas antes: 30) ya han sido enviadas.
--- 2025-06-10 20:25:01 --- Proceso de recordatorios finalizado ---

Proceso de recordatorios finalizado.

--- 2025-06-10 20:30:01 --- Iniciando proceso de recordatorios ---
н ҪнҙҺ Buscando recordatorios para vacunas futuras...
2025-06-10 20:30:01 | Info: Todas las vacunas para adriaranguez89@gmail.com (Edad: 2m, DГӯas antes: 30) ya han sido enviadas.
--- 2025-06-10 20:30:01 --- Proceso de recordatorios finalizado ---

Proceso de recordatorios finalizado.

--- 2025-06-10 20:35:01 --- Iniciando proceso de recordatorios ---
н ҪнҙҺ Buscando recordatorios para vacunas futuras...
2025-06-10 20:35:01 | Info: Todas las vacunas para adriaranguez89@gmail.com (Edad: 2m, DГӯas antes: 30) ya han sido enviadas.
--- 2025-06-10 20:35:01 --- Proceso de recordatorios finalizado ---

Proceso de recordatorios finalizado.

--- 2025-06-10 20:40:01 --- Iniciando proceso de recordatorios ---
н ҪнҙҺ Buscando recordatorios para vacunas futuras...
2025-06-10 20:40:01 | Info: Todas las vacunas para adriaranguez89@gmail.com (Edad: 2m, DГӯas antes: 30) ya han sido enviadas.
--- 2025-06-10 20:40:01 --- Proceso de recordatorios finalizado ---

Proceso de recordatorios finalizado.

--- 2025-06-10 20:45:01 --- Iniciando proceso de recordatorios ---
н ҪнҙҺ Buscando recordatorios para vacunas futuras...
2025-06-10 20:45:01 | Info: Todas las vacunas para adriaranguez89@gmail.com (Edad: 2m, DГӯas antes: 30) ya han sido enviadas.
--- 2025-06-10 20:45:01 --- Proceso de recordatorios finalizado ---

Proceso de recordatorios finalizado.

--- 2025-06-10 20:50:01 --- Iniciando proceso de recordatorios ---
н ҪнҙҺ Buscando recordatorios para vacunas futuras...
2025-06-10 20:50:01 | Info: Todas las vacunas para adriaranguez89@gmail.com (Edad: 2m, DГӯas antes: 30) ya han sido enviadas.
--- 2025-06-10 20:50:01 --- Proceso de recordatorios finalizado ---

Proceso de recordatorios finalizado.

--- 2025-06-10 20:55:01 --- Iniciando proceso de recordatorios ---
н ҪнҙҺ Buscando recordatorios para vacunas futuras...
2025-06-10 20:55:01 | Info: Todas las vacunas para adriaranguez89@gmail.com (Edad: 2m, DГӯas antes: 30) ya han sido enviadas.
--- 2025-06-10 20:55:01 --- Proceso de recordatorios finalizado ---

Proceso de recordatorios finalizado.

--- 2025-06-10 21:00:02 --- Iniciando proceso de recordatorios ---
н ҪнҙҺ Buscando recordatorios para vacunas futuras...
2025-06-10 21:00:02 | Info: Todas las vacunas para adriaranguez89@gmail.com (Edad: 2m, DГӯas antes: 30) ya han sido enviadas.
--- 2025-06-10 21:00:02 --- Proceso de recordatorios finalizado ---

Proceso de recordatorios finalizado.

--- 2025-06-10 21:05:01 --- Iniciando proceso de recordatorios ---
н ҪнҙҺ Buscando recordatorios para vacunas futuras...
2025-06-10 21:05:01 | Info: Todas las vacunas para adriaranguez89@gmail.com (Edad: 2m, DГӯas antes: 30) ya han sido enviadas.
--- 2025-06-10 21:05:01 --- Proceso de recordatorios finalizado ---

Proceso de recordatorios finalizado.

--- 2025-06-10 21:10:01 --- Iniciando proceso de recordatorios ---
н ҪнҙҺ Buscando recordatorios para vacunas futuras...
2025-06-10 21:10:01 | Info: Todas las vacunas para adriaranguez89@gmail.com (Edad: 2m, DГӯas antes: 30) ya han sido enviadas.
--- 2025-06-10 21:10:01 --- Proceso de recordatorios finalizado ---

Proceso de recordatorios finalizado.

--- 2025-06-10 21:15:01 --- Iniciando proceso de recordatorios ---
н ҪнҙҺ Buscando recordatorios para vacunas futuras...
2025-06-10 21:15:01 | Info: Todas las vacunas para adriaranguez89@gmail.com (Edad: 2m, DГӯas antes: 30) ya han sido enviadas.
--- 2025-06-10 21:15:01 --- Proceso de recordatorios finalizado ---

Proceso de recordatorios finalizado.

--- 2025-06-10 21:20:01 --- Iniciando proceso de recordatorios ---
н ҪнҙҺ Buscando recordatorios para vacunas futuras...
2025-06-10 21:20:01 | Info: Todas las vacunas para adriaranguez89@gmail.com (Edad: 2m, DГӯas antes: 30) ya han sido enviadas.
--- 2025-06-10 21:20:01 --- Proceso de recordatorios finalizado ---

Proceso de recordatorios finalizado.

--- 2025-06-10 21:25:01 --- Iniciando proceso de recordatorios ---
н ҪнҙҺ Buscando recordatorios para vacunas futuras...
2025-06-10 21:25:01 | Info: Todas las vacunas para adriaranguez89@gmail.com (Edad: 2m, DГӯas antes: 30) ya han sido enviadas.
--- 2025-06-10 21:25:01 --- Proceso de recordatorios finalizado ---

Proceso de recordatorios finalizado.

--- 2025-06-10 21:30:01 --- Iniciando proceso de recordatorios ---
н ҪнҙҺ Buscando recordatorios para vacunas futuras...
2025-06-10 21:30:01 | Info: Todas las vacunas para adriaranguez89@gmail.com (Edad: 2m, DГӯas antes: 30) ya han sido enviadas.
--- 2025-06-10 21:30:01 --- Proceso de recordatorios finalizado ---

Proceso de recordatorios finalizado.

--- 2025-06-10 21:35:01 --- Iniciando proceso de recordatorios ---
н ҪнҙҺ Buscando recordatorios para vacunas futuras...
2025-06-10 21:35:01 | Info: Todas las vacunas para adriaranguez89@gmail.com (Edad: 2m, DГӯas antes: 30) ya han sido enviadas.
--- 2025-06-10 21:35:01 --- Proceso de recordatorios finalizado ---

Proceso de recordatorios finalizado.
